  Classifier.cpp
e:\c++ project\tld_v1\tld_v1\classifier.h(46): warning C4305: 'initializing': truncation from 'double' to 'float'
e:\c++ project\tld_v1\tld_v1\classifier.h(50): warning C4305: 'initializing': truncation from 'double' to 'float'
e:\c++ project\tld_v1\tld_v1\classifier.h(51): warning C4305: 'initializing': truncation from 'double' to 'float'
e:\c++ project\tld_v1\tld_v1\classifier.cpp(23): warning C4244: '=': conversion from 'float' to 'int', possible loss of data
e:\c++ project\tld_v1\tld_v1\classifier.cpp(24): warning C4244: '=': conversion from 'float' to 'int', possible loss of data
e:\c++ project\tld_v1\tld_v1\classifier.cpp(25): warning C4244: '=': conversion from 'float' to 'int', possible loss of data
e:\c++ project\tld_v1\tld_v1\classifier.cpp(26): warning C4244: '=': conversion from 'float' to 'int', possible loss of data
e:\c++ project\tld_v1\tld_v1\classifier.cpp(33): warning C4244: '=': conversion from 'double' to 'float', possible loss of data
e:\c++ project\tld_v1\tld_v1\classifier.cpp(40): warning C4244: 'argument': conversion from 'double' to 'const unsigned __int64', possible loss of data
e:\c++ project\tld_v1\tld_v1\classifier.cpp(41): warning C4244: 'argument': conversion from 'double' to 'const unsigned __int64', possible loss of data
e:\c++ project\tld_v1\tld_v1\classifier.cpp(42): warning C4244: 'argument': conversion from 'double' to 'const unsigned __int64', possible loss of data
e:\c++ project\tld_v1\tld_v1\classifier.cpp(158): warning C4244: 'initializing': conversion from 'float' to 'int', possible loss of data
e:\c++ project\tld_v1\tld_v1\classifier.cpp(165): warning C4244: '=': conversion from 'double' to 'float', possible loss of data
e:\c++ project\tld_v1\tld_v1\classifier.cpp(177): warning C4244: '=': conversion from 'double' to 'float', possible loss of data
  main.cpp
e:\c++ project\tld_v1\tld_v1\classifier.h(46): warning C4305: 'initializing': truncation from 'double' to 'float'
e:\c++ project\tld_v1\tld_v1\classifier.h(50): warning C4305: 'initializing': truncation from 'double' to 'float'
e:\c++ project\tld_v1\tld_v1\classifier.h(51): warning C4305: 'initializing': truncation from 'double' to 'float'
  PatchGenerator.cpp
  TLD.cpp
e:\c++ project\tld_v1\tld_v1\classifier.h(46): warning C4305: 'initializing': truncation from 'double' to 'float'
e:\c++ project\tld_v1\tld_v1\classifier.h(50): warning C4305: 'initializing': truncation from 'double' to 'float'
e:\c++ project\tld_v1\tld_v1\classifier.h(51): warning C4305: 'initializing': truncation from 'double' to 'float'
e:\c++ project\tld_v1\tld_v1\tld.cpp(26): warning C4305: 'initializing': truncation from 'double' to 'float'
e:\c++ project\tld_v1\tld_v1\tld.cpp(43): warning C4477: 'printf' : format string '%d' requires an argument of type 'int', but variadic argument 1 has type 'unsigned __int64'
  e:\c++ project\tld_v1\tld_v1\tld.cpp(43): note: consider using '%zd' in the format string
e:\c++ project\tld_v1\tld_v1\tld.cpp(48): warning C4244: '=': conversion from 'double' to 'float', possible loss of data
e:\c++ project\tld_v1\tld_v1\tld.cpp(59): warning C4244: 'initializing': conversion from 'float' to 'int', possible loss of data
e:\c++ project\tld_v1\tld_v1\tld.cpp(63): warning C4477: 'printf' : format string '%d' requires an argument of type 'int', but variadic argument 1 has type 'unsigned __int64'
  e:\c++ project\tld_v1\tld_v1\tld.cpp(63): note: consider using '%zd' in the format string
e:\c++ project\tld_v1\tld_v1\tld.cpp(64): warning C4477: 'printf' : format string '%d' requires an argument of type 'int', but variadic argument 1 has type 'unsigned __int64'
  e:\c++ project\tld_v1\tld_v1\tld.cpp(64): note: consider using '%zd' in the format string
e:\c++ project\tld_v1\tld_v1\tld.cpp(66): warning C4244: '=': conversion from 'float' to 'int', possible loss of data
e:\c++ project\tld_v1\tld_v1\tld.cpp(70): warning C4477: 'printf' : format string '%d' requires an argument of type 'int', but variadic argument 1 has type 'unsigned __int64'
  e:\c++ project\tld_v1\tld_v1\tld.cpp(70): note: consider using '%zd' in the format string
e:\c++ project\tld_v1\tld_v1\tld.cpp(75): warning C4267: 'argument': conversion from 'size_t' to 'int', possible loss of data
e:\c++ project\tld_v1\tld_v1\tld.cpp(108): warning C4305: 'initializing': truncation from 'double' to 'float'
e:\c++ project\tld_v1\tld_v1\tld.cpp(111): warning C4305: 'initializing': truncation from 'double' to 'const float'
e:\c++ project\tld_v1\tld_v1\tld.cpp(119): warning C4244: '=': conversion from 'float' to 'int', possible loss of data
e:\c++ project\tld_v1\tld_v1\tld.cpp(120): warning C4244: '=': conversion from 'float' to 'int', possible loss of data
e:\c++ project\tld_v1\tld_v1\tld.cpp(127): warning C4244: '+=': conversion from 'float' to 'int', possible loss of data
e:\c++ project\tld_v1\tld_v1\tld.cpp(128): warning C4244: '+=': conversion from 'float' to 'int', possible loss of data
e:\c++ project\tld_v1\tld_v1\tld.cpp(148): warning C4244: 'initializing': conversion from '_Ty' to 'float', possible loss of data
          with
          [
              _Ty=int
          ]
e:\c++ project\tld_v1\tld_v1\tld.cpp(149): warning C4244: 'initializing': conversion from '_Ty' to 'float', possible loss of data
          with
          [
              _Ty=int
          ]
e:\c++ project\tld_v1\tld_v1\tld.cpp(152): warning C4244: 'initializing': conversion from '_Tp' to 'float', possible loss of data
          with
          [
              _Tp=int
          ]
e:\c++ project\tld_v1\tld_v1\tld.cpp(153): warning C4244: 'initializing': conversion from '_Tp' to 'float', possible loss of data
          with
          [
              _Tp=int
          ]
e:\c++ project\tld_v1\tld_v1\tld.cpp(172): warning C4477: 'printf' : format string '%d' requires an argument of type 'int', but variadic argument 1 has type 'unsigned __int64'
  e:\c++ project\tld_v1\tld_v1\tld.cpp(172): note: consider using '%zd' in the format string
e:\c++ project\tld_v1\tld_v1\tld.cpp(173): warning C4477: 'printf' : format string '%d' requires an argument of type 'int', but variadic argument 1 has type 'unsigned __int64'
  e:\c++ project\tld_v1\tld_v1\tld.cpp(173): note: consider using '%zd' in the format string
e:\c++ project\tld_v1\tld_v1\tld.cpp(181): warning C4477: 'printf' : format string '%d' requires an argument of type 'int', but variadic argument 1 has type 'unsigned __int64'
  e:\c++ project\tld_v1\tld_v1\tld.cpp(181): note: consider using '%zd' in the format string
e:\c++ project\tld_v1\tld_v1\tld.cpp(284): warning C4244: 'argument': conversion from 'float' to 'const unsigned __int64', possible loss of data
e:\c++ project\tld_v1\tld_v1\tld.cpp(487): warning C4267: 'initializing': conversion from 'size_t' to 'int', possible loss of data
e:\c++ project\tld_v1\tld_v1\tld.cpp(532): warning C4477: 'printf' : format string '%d' requires an argument of type 'int', but variadic argument 1 has type 'unsigned __int64'
  e:\c++ project\tld_v1\tld_v1\tld.cpp(532): note: consider using '%zd' in the format string
e:\c++ project\tld_v1\tld_v1\tld.cpp(553): warning C4267: 'initializing': conversion from 'size_t' to 'int', possible loss of data
e:\c++ project\tld_v1\tld_v1\tld.cpp(675): warning C4305: 'initializing': truncation from 'double' to 'float'
e:\c++ project\tld_v1\tld_v1\tld.cpp(689): warning C4267: 'initializing': conversion from 'size_t' to 'int', possible loss of data
e:\c++ project\tld_v1\tld_v1\tld.cpp(689): warning C4267: 'initializing': conversion from 'size_t' to 'const int', possible loss of data
  Track.cpp
e:\c++ project\tld_v1\tld_v1\track.cpp(26): warning C4473: 'printf' : not enough arguments passed for format string
  e:\c++ project\tld_v1\tld_v1\track.cpp(26): note: placeholders and their parameters expect 1 variadic arguments, but 0 were provided
  e:\c++ project\tld_v1\tld_v1\track.cpp(26): note: the missing variadic argument 1 is required by format string '%f'
e:\c++ project\tld_v1\tld_v1\track.cpp(45): warning C4244: 'initializing': conversion from 'double' to 'int', possible loss of data
e:\c++ project\tld_v1\tld_v1\track.cpp(46): warning C4244: 'initializing': conversion from 'double' to 'int', possible loss of data
e:\c++ project\tld_v1\tld_v1\track.cpp(51): warning C4244: 'argument': conversion from 'int' to '_Tp', possible loss of data
          with
          [
              _Tp=float
          ]
e:\c++ project\tld_v1\tld_v1\track.cpp(60): warning C4244: 'argument': conversion from 'float' to 'int', possible loss of data
e:\c++ project\tld_v1\tld_v1\track.cpp(62): warning C4244: 'argument': conversion from 'float' to 'int', possible loss of data
e:\c++ project\tld_v1\tld_v1\track.cpp(65): warning C4244: '=': conversion from 'double' to '_Ty', possible loss of data
          with
          [
              _Ty=float
          ]
e:\c++ project\tld_v1\tld_v1\track.cpp(140): warning C4244: 'initializing': conversion from 'double' to 'int', possible loss of data
e:\c++ project\tld_v1\tld_v1\track.cpp(163): warning C4244: 'argument': conversion from 'double' to '_Ty', possible loss of data
          with
          [
              _Ty=float
          ]
e:\c++ project\tld_v1\tld_v1\track.cpp(172): warning C4244: 'initializing': conversion from 'double' to 'float', possible loss of data
e:\c++ project\tld_v1\tld_v1\track.cpp(173): warning C4244: 'initializing': conversion from 'double' to 'float', possible loss of data
e:\c++ project\tld_v1\tld_v1\track.cpp(175): warning C4244: '=': conversion from 'float' to '_Tp', possible loss of data
          with
          [
              _Tp=int
          ]
e:\c++ project\tld_v1\tld_v1\track.cpp(176): warning C4244: '=': conversion from 'float' to '_Tp', possible loss of data
          with
          [
              _Tp=int
          ]
e:\c++ project\tld_v1\tld_v1\track.cpp(177): warning C4244: '=': conversion from 'float' to '_Tp', possible loss of data
          with
          [
              _Tp=int
          ]
e:\c++ project\tld_v1\tld_v1\track.cpp(178): warning C4244: '=': conversion from 'float' to '_Tp', possible loss of data
          with
          [
              _Tp=int
          ]
  Generating Code...
  TLD_v1.vcxproj -> E:\C++ Project\TLD_v1\x64\Debug\TLD_v1.exe
